Using pre-set license
Built from '2021.3/china_unity/release' branch; Version is '2021.3.26f1c1 (19b503b0ef33) revision 1684739'; Using compiler version '192829333'; Build Type 'Release'
OS: 'Windows 10  (10.0.18363) 64bit CoreCountrySpecific' Language: 'zh' Physical Memory: 24414 MB
BatchMode: 1, IsHumanControllingUs: 0, StartBugReporterOnCrash: 0, Is64bit: 1, IsPro: 1

COMMAND LINE ARGUMENTS:
D:\Unity\2021.3.26f1c1\Editor\Unity.exe
-adb2
-batchMode
-noUpm
-name
AssetImportWorker1
-projectPath
D:/UnityProjects/WebProject
-logFile
Logs/AssetImportWorker1.log
-srvPort
62182
Successfully changed project path to: D:/UnityProjects/WebProject
D:/UnityProjects/WebProject
[UnityMemory] Configuration Parameters - Can be set up in boot.config
    "memorysetup-bucket-allocator-granularity=16"
    "memorysetup-bucket-allocator-bucket-count=8"
    "memorysetup-bucket-allocator-block-size=33554432"
    "memorysetup-bucket-allocator-block-count=8"
    "memorysetup-main-allocator-block-size=16777216"
    "memorysetup-thread-allocator-block-size=16777216"
    "memorysetup-gfx-main-allocator-block-size=16777216"
    "memorysetup-gfx-thread-allocator-block-size=16777216"
    "memorysetup-cache-allocator-block-size=4194304"
    "memorysetup-typetree-allocator-block-size=2097152"
    "memorysetup-profiler-bucket-allocator-granularity=16"
    "memorysetup-profiler-bucket-allocator-bucket-count=8"
    "memorysetup-profiler-bucket-allocator-block-size=33554432"
    "memorysetup-profiler-bucket-allocator-block-count=8"
    "memorysetup-profiler-allocator-block-size=16777216"
    "memorysetup-profiler-editor-allocator-block-size=1048576"
    "memorysetup-temp-allocator-size-main=16777216"
    "memorysetup-job-temp-allocator-block-size=2097152"
    "memorysetup-job-temp-allocator-block-size-background=1048576"
    "memorysetup-job-temp-allocator-reduction-small-platforms=262144"
    "memorysetup-temp-allocator-size-background-worker=32768"
    "memorysetup-temp-allocator-size-job-worker=262144"
    "memorysetup-temp-allocator-size-preload-manager=33554432"
    "memorysetup-temp-allocator-size-nav-mesh-worker=65536"
    "memorysetup-temp-allocator-size-audio-worker=65536"
    "memorysetup-temp-allocator-size-cloud-worker=32768"
    "memorysetup-temp-allocator-size-gi-baking-worker=262144"
    "memorysetup-temp-allocator-size-gfx=262144"
Player connection [13428] Host "[IP] 192.168.56.1 [Port] 0 [Flags] 2 [Guid] 2219036569 [EditorId] 2219036569 [Version] 1048832 [Id] WindowsEditor(7,DESKTOP-H3A69CJ) [Debug] 1 [PackageName] WindowsEditor [ProjectName] Editor" joined multi-casting on [225.0.0.222:54997]...

Player connection [13428] Host "[IP] 192.168.56.1 [Port] 0 [Flags] 2 [Guid] 2219036569 [EditorId] 2219036569 [Version] 1048832 [Id] WindowsEditor(7,DESKTOP-H3A69CJ) [Debug] 1 [PackageName] WindowsEditor [ProjectName] Editor" joined alternative multi-casting on [225.0.0.222:34997]...

AS: AutoStreaming module initializing.
Refreshing native plugins compatible for Editor in 474.52 ms, found 3 plugins.
Preloading 0 native plugins for Editor in 0.00 ms.
Initialize engine version: 2021.3.26f1c1 (19b503b0ef33)
[Subsystems] Discovering subsystems at path D:/Unity/2021.3.26f1c1/Editor/Data/Resources/UnitySubsystems
[Subsystems] Discovering subsystems at path D:/UnityProjects/WebProject/Assets
GfxDevice: creating device client; threaded=0; jobified=0
Direct3D:
    Version:  Direct3D 11.0 [level 11.1]
    Renderer: NVIDIA GeForce GTX 1660 Ti (ID=0x2191)
    Vendor:   NVIDIA
    VRAM:     5991 MB
    Driver:   27.21.14.6230
Initialize mono
Mono path[0] = 'D:/Unity/2021.3.26f1c1/Editor/Data/Managed'
Mono path[1] = 'D:/Unity/2021.3.26f1c1/Editor/Data/MonoBleedingEdge/lib/mono/unityjit-win32'
Mono config path = 'D:/Unity/2021.3.26f1c1/Editor/Data/MonoBleedingEdge/etc'
Using monoOptions --debugger-agent=transport=dt_socket,embedding=1,server=y,suspend=n,address=127.0.0.1:56896
Begin MonoManager ReloadAssembly
Registering precompiled unity dll's ...
Register platform support module: D:/Unity/2021.3.26f1c1/Editor/Data/PlaybackEngines/WindowsStandaloneSupport/UnityEditor.WindowsStandalone.Extensions.dll
Registered in 0.050164 seconds.
Native extension for WindowsStandalone target not found
Refreshing native plugins compatible for Editor in 196.63 ms, found 3 plugins.
Preloading 0 native plugins for Editor in 0.00 ms.
Mono: successfully reloaded assembly
- Completed reload, in  2.064 seconds
Domain Reload Profiling:
	ReloadAssembly (2065ms)
		BeginReloadAssembly (450ms)
			ExecutionOrderSort (0ms)
			DisableScriptedObjects (0ms)
			BackupInstance (0ms)
			ReleaseScriptingObjects (0ms)
			CreateAndSetChildDomain (1ms)
		EndReloadAssembly (1166ms)
			LoadAssemblies (401ms)
			RebuildTransferFunctionScriptingTraits (0ms)
			SetupTypeCache (270ms)
			ReleaseScriptCaches (0ms)
			RebuildScriptCaches (102ms)
			SetupLoadedEditorAssemblies (586ms)
				LogAssemblyErrors (0ms)
				InitializePlatformSupportModulesInManaged (30ms)
				SetLoadedEditorAssemblies (1ms)
				RefreshPlugins (197ms)
				BeforeProcessingInitializeOnLoad (2ms)
				ProcessInitializeOnLoadAttributes (251ms)
				ProcessInitializeOnLoadMethodAttributes (105ms)
				AfterProcessingInitializeOnLoad (0ms)
				EditorAssembliesLoaded (0ms)
			ExecutionOrderSort2 (0ms)
			AwakeInstancesAfterBackupRestoration (0ms)
Platform modules already initialized, skipping
Registering precompiled user dll's ...
Registered in 0.130489 seconds.
Begin MonoManager ReloadAssembly
Symbol file LoadedFromMemory doesn't match image D:\UnityProjects\WebProject\Library\PackageCache\com.unity.visualscripting@1.8.0\Editor\VisualScripting.Core\Dependencies\YamlDotNet\Unity.VisualScripting.YamlDotNet.dll
Symbol file LoadedFromMemory doesn't match image D:\UnityProjects\WebProject\Library\PackageCache\com.unity.visualscripting@1.8.0\Editor\VisualScripting.Core\Dependencies\DotNetZip\Unity.VisualScripting.IonicZip.dll
Could not load signature of ProtoBuf.Grpc.Configuration.ServerExceptionsInterceptorBase:UnaryServerHandler due to: Could not resolve type with token 01000028 from typeref (expected class 'System.Threading.Tasks.Task`1' in assembly 'System.Runtime, Version=6.0.0.0, Culture=neutral, PublicKeyToken=b03f5f7f11d50a3a') assembly:System.Runtime, Version=6.0.0.0, Culture=neutral, PublicKeyToken=b03f5f7f11d50a3a type:System.Threading.Tasks.Task`1 member:(null)
Unable to load attribute info on field .<>f__AnonymousType0`2::<method>i__Field. Are you missing a reference?
Could not resolve field token 0x04000168, due to: Could not set up parent class, due to: Could not resolve type with token 01000028 from typeref (expected class 'System.IO.Stream' in assembly 'System.Runtime, Version=6.0.0.0, Culture=neutral, PublicKeyToken=b03f5f7f11d50a3a') assembly:System.Runtime, Version=6.0.0.0, Culture=neutral, PublicKeyToken=b03f5f7f11d50a3a type:System.IO.Stream member:(null) assembly:D:\UnityProjects\WebProject\Assets\Config\protogen\protobuf-net.Core.dll type:TypeModel member:(null) assembly:D:\UnityProjects\WebProject\Assets\Config\protogen\protobuf-net.Reflection.dll type:CustomProtogenSerializer member:(null)
Unloading broken assembly Assets/Config/protogen/protogen.dll, this assembly can cause crashes in the runtime
Unloading broken assembly Assets/Config/protogen/protobuf-net.Grpc.dll, this assembly can cause crashes in the runtime
Unloading broken assembly Assets/Config/protogen/protobuf-net.Grpc.Reflection.dll, this assembly can cause crashes in the runtime
Unloading broken assembly Assets/Config/protogen/Grpc.Net.Common.dll, this assembly can cause crashes in the runtime
Unloading broken assembly Assets/Config/protogen/protobuf-net.dll, this assembly can cause crashes in the runtime
Unloading broken assembly Assets/Config/protogen/Grpc.Net.Client.dll, this assembly can cause crashes in the runtime
Unloading broken assembly Assets/Config/protogen/protobuf-net.Core.dll, this assembly can cause crashes in the runtime
Native extension for WindowsStandalone target not found
Refreshing native plugins compatible for Editor in 1.09 ms, found 3 plugins.
Preloading 0 native plugins for Editor in 0.00 ms.
[ScriptCompilation] NOT recompiling all scripts because this is an import worker process. Reason to compile was: Define symbols changed
Mirror | mirror-networking.com | discord.gg/N9QVxbM
UnityEngine.StackTraceUtility:ExtractStackTrace ()
UnityEngine.DebugLogHandler:LogFormat (UnityEngine.LogType,UnityEngine.Object,string,object[])
UnityEngine.Logger:Log (UnityEngine.LogType,object)
UnityEngine.Debug:Log (object)
Mirror.Welcome:OnInitializeOnLoad () (at Assets/Plugins/Mirror/Editor/Welcome.cs:18)
System.Reflection.RuntimeMethodInfo:Invoke (object,System.Reflection.BindingFlags,System.Reflection.Binder,object[],System.Globalization.CultureInfo)
System.Reflection.MethodBase:Invoke (object,object[])
UnityEditor.EditorAssemblies:ProcessInitializeOnLoadMethodAttributes ()

(Filename: Assets/Plugins/Mirror/Editor/Welcome.cs Line: 18)

Mono: successfully reloaded assembly
- Completed reload, in  3.559 seconds
Domain Reload Profiling:
	ReloadAssembly (3560ms)
		BeginReloadAssembly (437ms)
			ExecutionOrderSort (0ms)
			DisableScriptedObjects (10ms)
			BackupInstance (0ms)
			ReleaseScriptingObjects (0ms)
			CreateAndSetChildDomain (35ms)
		EndReloadAssembly (2709ms)
			LoadAssemblies (386ms)
			RebuildTransferFunctionScriptingTraits (0ms)
			SetupTypeCache (695ms)
			ReleaseScriptCaches (1ms)
			RebuildScriptCaches (137ms)
			SetupLoadedEditorAssemblies (1389ms)
				LogAssemblyErrors (0ms)
				InitializePlatformSupportModulesInManaged (19ms)
				SetLoadedEditorAssemblies (1ms)
				RefreshPlugins (1ms)
				BeforeProcessingInitializeOnLoad (296ms)
				ProcessInitializeOnLoadAttributes (910ms)
				ProcessInitializeOnLoadMethodAttributes (65ms)
				AfterProcessingInitializeOnLoad (97ms)
				EditorAssembliesLoaded (0ms)
			ExecutionOrderSort2 (0ms)
			AwakeInstancesAfterBackupRestoration (22ms)
Platform modules already initialized, skipping
========================================================================
Worker process is ready to serve import requests
Launched and connected shader compiler UnityShaderCompiler.exe after 0.09 seconds
Refreshing native plugins compatible for Editor in 0.80 ms, found 3 plugins.
Preloading 0 native plugins for Editor in 0.00 ms.
Unloading 3419 Unused Serialized files (Serialized files now loaded: 0)
Unloading 41 unused Assets / (56.5 KB). Loaded Objects now: 3864.
Memory consumption went from 120.3 MB to 120.3 MB.
Total: 6.354400 ms (FindLiveObjects: 0.378500 ms CreateObjectMapping: 0.301300 ms MarkObjects: 5.557900 ms  DeleteObjects: 0.115100 ms)

AssetImportParameters requested are different than current active one (requested -> active):
  custom:video-decoder-ogg-theora: a1e56fd34408186e4bbccfd4996cb3dc -> 
  custom:container-muxer-webm: aa71ff27fc2769a1b78a27578f13a17b -> 
  custom:container-demuxer-webm: 4f35f7cbe854078d1ac9338744f61a02 -> 
  custom:video-encoder-webm-vp8: eb34c28f22e8b96e1ab97ce403110664 -> 
  custom:audio-encoder-webm-vorbis: bf7c407c2cedff20999df2af8eb42d56 -> 
  custom:framework-win-MediaFoundation: 216162199b28c13a410421893ffa2e32 -> 
  custom:container-demuxer-ogg: 62fdf1f143b41e24485cea50d1cbac27 -> 
  custom:video-decoder-webm-vp8: 9c59270c3fd7afecdb556c50c9e8de78 -> 
  custom:audio-decoder-ogg-vorbis: bf7c407c2cedff20999df2af8eb42d56 -> 
========================================================================
Received Prepare
Registering precompiled user dll's ...
Registered in 0.254077 seconds.
Begin MonoManager ReloadAssembly
Symbol file LoadedFromMemory doesn't match image D:\UnityProjects\WebProject\Library\PackageCache\com.unity.visualscripting@1.8.0\Editor\VisualScripting.Core\Dependencies\YamlDotNet\Unity.VisualScripting.YamlDotNet.dll
Symbol file LoadedFromMemory doesn't match image D:\UnityProjects\WebProject\Library\PackageCache\com.unity.visualscripting@1.8.0\Editor\VisualScripting.Core\Dependencies\DotNetZip\Unity.VisualScripting.IonicZip.dll
Could not load signature of ProtoBuf.Grpc.Configuration.ServerExceptionsInterceptorBase:UnaryServerHandler due to: Could not resolve type with token 01000028 from typeref (expected class 'System.Threading.Tasks.Task`1' in assembly 'System.Runtime, Version=6.0.0.0, Culture=neutral, PublicKeyToken=b03f5f7f11d50a3a') assembly:System.Runtime, Version=6.0.0.0, Culture=neutral, PublicKeyToken=b03f5f7f11d50a3a type:System.Threading.Tasks.Task`1 member:(null)
Unable to load attribute info on field .<>f__AnonymousType0`2::<method>i__Field. Are you missing a reference?
Could not resolve field token 0x04000168, due to: Could not set up parent class, due to: Could not resolve type with token 01000028 from typeref (expected class 'System.IO.Stream' in assembly 'System.Runtime, Version=6.0.0.0, Culture=neutral, PublicKeyToken=b03f5f7f11d50a3a') assembly:System.Runtime, Version=6.0.0.0, Culture=neutral, PublicKeyToken=b03f5f7f11d50a3a type:System.IO.Stream member:(null) assembly:D:\UnityProjects\WebProject\Assets\Config\protogen\protobuf-net.Core.dll type:TypeModel member:(null) assembly:D:\UnityProjects\WebProject\Assets\Config\protogen\protobuf-net.Reflection.dll type:CustomProtogenSerializer member:(null)
Unloading broken assembly Assets/Config/protogen/protogen.dll, this assembly can cause crashes in the runtime
Unloading broken assembly Assets/Config/protogen/protobuf-net.Grpc.dll, this assembly can cause crashes in the runtime
Unloading broken assembly Assets/Config/protogen/protobuf-net.Grpc.Reflection.dll, this assembly can cause crashes in the runtime
Unloading broken assembly Assets/Config/protogen/Grpc.Net.Common.dll, this assembly can cause crashes in the runtime
Unloading broken assembly Assets/Config/protogen/protobuf-net.dll, this assembly can cause crashes in the runtime
Unloading broken assembly Assets/Config/protogen/Grpc.Net.Client.dll, this assembly can cause crashes in the runtime
Unloading broken assembly Assets/Config/protogen/protobuf-net.Core.dll, this assembly can cause crashes in the runtime
Native extension for WindowsStandalone target not found
Refreshing native plugins compatible for Editor in 2.14 ms, found 3 plugins.
Preloading 0 native plugins for Editor in 0.00 ms.
[ScriptCompilation] NOT recompiling all scripts because this is an import worker process. Reason to compile was: Define symbols changed
Mono: successfully reloaded assembly
- Completed reload, in  5.015 seconds
Domain Reload Profiling:
	ReloadAssembly (5016ms)
		BeginReloadAssembly (815ms)
			ExecutionOrderSort (0ms)
			DisableScriptedObjects (22ms)
			BackupInstance (0ms)
			ReleaseScriptingObjects (0ms)
			CreateAndSetChildDomain (132ms)
		EndReloadAssembly (3659ms)
			LoadAssemblies (651ms)
			RebuildTransferFunctionScriptingTraits (0ms)
			SetupTypeCache (1059ms)
			ReleaseScriptCaches (2ms)
			RebuildScriptCaches (127ms)
			SetupLoadedEditorAssemblies (1786ms)
				LogAssemblyErrors (0ms)
				InitializePlatformSupportModulesInManaged (36ms)
				SetLoadedEditorAssemblies (2ms)
				RefreshPlugins (2ms)
				BeforeProcessingInitializeOnLoad (389ms)
				ProcessInitializeOnLoadAttributes (1158ms)
				ProcessInitializeOnLoadMethodAttributes (80ms)
				AfterProcessingInitializeOnLoad (118ms)
				EditorAssembliesLoaded (0ms)
			ExecutionOrderSort2 (0ms)
			AwakeInstancesAfterBackupRestoration (23ms)
Platform modules already initialized, skipping
Refreshing native plugins compatible for Editor in 14.19 ms, found 3 plugins.
Preloading 0 native plugins for Editor in 0.00 ms.
Unloading 3410 Unused Serialized files (Serialized files now loaded: 0)
Unloading 34 unused Assets / (25.6 KB). Loaded Objects now: 3867.
Memory consumption went from 119.8 MB to 119.7 MB.
Total: 7.203300 ms (FindLiveObjects: 0.512900 ms CreateObjectMapping: 0.351600 ms MarkObjects: 6.282600 ms  DeleteObjects: 0.053900 ms)

AssetImportParameters requested are different than current active one (requested -> active):
  custom:video-decoder-ogg-theora: a1e56fd34408186e4bbccfd4996cb3dc -> 
  custom:container-muxer-webm: aa71ff27fc2769a1b78a27578f13a17b -> 
  custom:container-demuxer-webm: 4f35f7cbe854078d1ac9338744f61a02 -> 
  custom:video-encoder-webm-vp8: eb34c28f22e8b96e1ab97ce403110664 -> 
  custom:audio-encoder-webm-vorbis: bf7c407c2cedff20999df2af8eb42d56 -> 
  custom:framework-win-MediaFoundation: 216162199b28c13a410421893ffa2e32 -> 
  custom:container-demuxer-ogg: 62fdf1f143b41e24485cea50d1cbac27 -> 
  custom:video-decoder-webm-vp8: 9c59270c3fd7afecdb556c50c9e8de78 -> 
  custom:audio-decoder-ogg-vorbis: bf7c407c2cedff20999df2af8eb42d56 -> 
========================================================================
Received Prepare
Registering precompiled user dll's ...
Registered in 0.185165 seconds.
Begin MonoManager ReloadAssembly
Symbol file LoadedFromMemory doesn't match image D:\UnityProjects\WebProject\Library\PackageCache\com.unity.visualscripting@1.8.0\Editor\VisualScripting.Core\Dependencies\YamlDotNet\Unity.VisualScripting.YamlDotNet.dll
Symbol file LoadedFromMemory doesn't match image D:\UnityProjects\WebProject\Library\PackageCache\com.unity.visualscripting@1.8.0\Editor\VisualScripting.Core\Dependencies\DotNetZip\Unity.VisualScripting.IonicZip.dll
Could not load signature of ProtoBuf.Grpc.Configuration.ServerExceptionsInterceptorBase:UnaryServerHandler due to: Could not resolve type with token 01000028 from typeref (expected class 'System.Threading.Tasks.Task`1' in assembly 'System.Runtime, Version=6.0.0.0, Culture=neutral, PublicKeyToken=b03f5f7f11d50a3a') assembly:System.Runtime, Version=6.0.0.0, Culture=neutral, PublicKeyToken=b03f5f7f11d50a3a type:System.Threading.Tasks.Task`1 member:(null)
Unable to load attribute info on field .<>f__AnonymousType0`2::<method>i__Field. Are you missing a reference?
Could not resolve field token 0x04000168, due to: Could not set up parent class, due to: Could not resolve type with token 01000028 from typeref (expected class 'System.IO.Stream' in assembly 'System.Runtime, Version=6.0.0.0, Culture=neutral, PublicKeyToken=b03f5f7f11d50a3a') assembly:System.Runtime, Version=6.0.0.0, Culture=neutral, PublicKeyToken=b03f5f7f11d50a3a type:System.IO.Stream member:(null) assembly:D:\UnityProjects\WebProject\Assets\Config\protogen\protobuf-net.Core.dll type:TypeModel member:(null) assembly:D:\UnityProjects\WebProject\Assets\Config\protogen\protobuf-net.Reflection.dll type:CustomProtogenSerializer member:(null)
Unloading broken assembly Assets/Config/protogen/protogen.dll, this assembly can cause crashes in the runtime
Unloading broken assembly Assets/Config/protogen/protobuf-net.Grpc.dll, this assembly can cause crashes in the runtime
Unloading broken assembly Assets/Config/protogen/protobuf-net.Grpc.Reflection.dll, this assembly can cause crashes in the runtime
Unloading broken assembly Assets/Config/protogen/Grpc.Net.Common.dll, this assembly can cause crashes in the runtime
Unloading broken assembly Assets/Config/protogen/protobuf-net.dll, this assembly can cause crashes in the runtime
Unloading broken assembly Assets/Config/protogen/Grpc.Net.Client.dll, this assembly can cause crashes in the runtime
Unloading broken assembly Assets/Config/protogen/protobuf-net.Core.dll, this assembly can cause crashes in the runtime
Native extension for WindowsStandalone target not found
Refreshing native plugins compatible for Editor in 1.69 ms, found 3 plugins.
Preloading 0 native plugins for Editor in 0.00 ms.
[ScriptCompilation] NOT recompiling all scripts because this is an import worker process. Reason to compile was: Define symbols changed
Mono: successfully reloaded assembly
- Completed reload, in  4.290 seconds
Domain Reload Profiling:
	ReloadAssembly (4292ms)
		BeginReloadAssembly (742ms)
			ExecutionOrderSort (0ms)
			DisableScriptedObjects (20ms)
			BackupInstance (0ms)
			ReleaseScriptingObjects (0ms)
			CreateAndSetChildDomain (104ms)
		EndReloadAssembly (2925ms)
			LoadAssemblies (645ms)
			RebuildTransferFunctionScriptingTraits (0ms)
			SetupTypeCache (839ms)
			ReleaseScriptCaches (2ms)
			RebuildScriptCaches (83ms)
			SetupLoadedEditorAssemblies (1361ms)
				LogAssemblyErrors (0ms)
				InitializePlatformSupportModulesInManaged (19ms)
				SetLoadedEditorAssemblies (1ms)
				RefreshPlugins (2ms)
				BeforeProcessingInitializeOnLoad (279ms)
				ProcessInitializeOnLoadAttributes (875ms)
				ProcessInitializeOnLoadMethodAttributes (73ms)
				AfterProcessingInitializeOnLoad (112ms)
				EditorAssembliesLoaded (0ms)
			ExecutionOrderSort2 (0ms)
			AwakeInstancesAfterBackupRestoration (21ms)
Platform modules already initialized, skipping
Refreshing native plugins compatible for Editor in 18.67 ms, found 3 plugins.
Preloading 0 native plugins for Editor in 0.00 ms.
Unloading 3411 Unused Serialized files (Serialized files now loaded: 0)
Unloading 34 unused Assets / (24.6 KB). Loaded Objects now: 3871.
Memory consumption went from 119.8 MB to 119.8 MB.
Total: 9.094900 ms (FindLiveObjects: 0.453500 ms CreateObjectMapping: 0.352000 ms MarkObjects: 8.234300 ms  DeleteObjects: 0.053200 ms)

AssetImportParameters requested are different than current active one (requested -> active):
  custom:video-decoder-ogg-theora: a1e56fd34408186e4bbccfd4996cb3dc -> 
  custom:container-muxer-webm: aa71ff27fc2769a1b78a27578f13a17b -> 
  custom:container-demuxer-webm: 4f35f7cbe854078d1ac9338744f61a02 -> 
  custom:video-encoder-webm-vp8: eb34c28f22e8b96e1ab97ce403110664 -> 
  custom:audio-encoder-webm-vorbis: bf7c407c2cedff20999df2af8eb42d56 -> 
  custom:framework-win-MediaFoundation: 216162199b28c13a410421893ffa2e32 -> 
  custom:container-demuxer-ogg: 62fdf1f143b41e24485cea50d1cbac27 -> 
  custom:video-decoder-webm-vp8: 9c59270c3fd7afecdb556c50c9e8de78 -> 
  custom:audio-decoder-ogg-vorbis: bf7c407c2cedff20999df2af8eb42d56 -> 
========================================================================
Received Prepare
Registering precompiled user dll's ...
Registered in 0.204816 seconds.
Begin MonoManager ReloadAssembly
Symbol file LoadedFromMemory doesn't match image D:\UnityProjects\WebProject\Library\PackageCache\com.unity.visualscripting@1.8.0\Editor\VisualScripting.Core\Dependencies\YamlDotNet\Unity.VisualScripting.YamlDotNet.dll
Symbol file LoadedFromMemory doesn't match image D:\UnityProjects\WebProject\Library\PackageCache\com.unity.visualscripting@1.8.0\Editor\VisualScripting.Core\Dependencies\DotNetZip\Unity.VisualScripting.IonicZip.dll
Could not load signature of ProtoBuf.Grpc.Configuration.ServerExceptionsInterceptorBase:UnaryServerHandler due to: Could not resolve type with token 01000028 from typeref (expected class 'System.Threading.Tasks.Task`1' in assembly 'System.Runtime, Version=6.0.0.0, Culture=neutral, PublicKeyToken=b03f5f7f11d50a3a') assembly:System.Runtime, Version=6.0.0.0, Culture=neutral, PublicKeyToken=b03f5f7f11d50a3a type:System.Threading.Tasks.Task`1 member:(null)
Unable to load attribute info on field .<>f__AnonymousType0`2::<method>i__Field. Are you missing a reference?
Could not resolve field token 0x04000168, due to: Could not set up parent class, due to: Could not resolve type with token 01000028 from typeref (expected class 'System.IO.Stream' in assembly 'System.Runtime, Version=6.0.0.0, Culture=neutral, PublicKeyToken=b03f5f7f11d50a3a') assembly:System.Runtime, Version=6.0.0.0, Culture=neutral, PublicKeyToken=b03f5f7f11d50a3a type:System.IO.Stream member:(null) assembly:D:\UnityProjects\WebProject\Assets\Config\protogen\protobuf-net.Core.dll type:TypeModel member:(null) assembly:D:\UnityProjects\WebProject\Assets\Config\protogen\protobuf-net.Reflection.dll type:CustomProtogenSerializer member:(null)
Unloading broken assembly Assets/Config/protogen/protogen.dll, this assembly can cause crashes in the runtime
Unloading broken assembly Assets/Config/protogen/protobuf-net.Grpc.dll, this assembly can cause crashes in the runtime
Unloading broken assembly Assets/Config/protogen/protobuf-net.Grpc.Reflection.dll, this assembly can cause crashes in the runtime
Unloading broken assembly Assets/Config/protogen/Grpc.Net.Common.dll, this assembly can cause crashes in the runtime
Unloading broken assembly Assets/Config/protogen/protobuf-net.dll, this assembly can cause crashes in the runtime
Unloading broken assembly Assets/Config/protogen/Grpc.Net.Client.dll, this assembly can cause crashes in the runtime
Unloading broken assembly Assets/Config/protogen/protobuf-net.Core.dll, this assembly can cause crashes in the runtime
Native extension for WindowsStandalone target not found
Refreshing native plugins compatible for Editor in 0.84 ms, found 3 plugins.
Preloading 0 native plugins for Editor in 0.00 ms.
[ScriptCompilation] NOT recompiling all scripts because this is an import worker process. Reason to compile was: Define symbols changed
Mono: successfully reloaded assembly
- Completed reload, in  2.972 seconds
Domain Reload Profiling:
	ReloadAssembly (2973ms)
		BeginReloadAssembly (443ms)
			ExecutionOrderSort (0ms)
			DisableScriptedObjects (9ms)
			BackupInstance (0ms)
			ReleaseScriptingObjects (0ms)
			CreateAndSetChildDomain (66ms)
		EndReloadAssembly (2144ms)
			LoadAssemblies (375ms)
			RebuildTransferFunctionScriptingTraits (0ms)
			SetupTypeCache (529ms)
			ReleaseScriptCaches (1ms)
			RebuildScriptCaches (58ms)
			SetupLoadedEditorAssemblies (1129ms)
				LogAssemblyErrors (0ms)
				InitializePlatformSupportModulesInManaged (19ms)
				SetLoadedEditorAssemblies (1ms)
				RefreshPlugins (1ms)
				BeforeProcessingInitializeOnLoad (275ms)
				ProcessInitializeOnLoadAttributes (702ms)
				ProcessInitializeOnLoadMethodAttributes (48ms)
				AfterProcessingInitializeOnLoad (83ms)
				EditorAssembliesLoaded (0ms)
			ExecutionOrderSort2 (0ms)
			AwakeInstancesAfterBackupRestoration (19ms)
Platform modules already initialized, skipping
Refreshing native plugins compatible for Editor in 15.97 ms, found 3 plugins.
Preloading 0 native plugins for Editor in 0.00 ms.
Unloading 3412 Unused Serialized files (Serialized files now loaded: 0)
Unloading 34 unused Assets / (24.7 KB). Loaded Objects now: 3875.
Memory consumption went from 119.8 MB to 119.8 MB.
Total: 5.054300 ms (FindLiveObjects: 0.312900 ms CreateObjectMapping: 0.222100 ms MarkObjects: 4.479900 ms  DeleteObjects: 0.037300 ms)

AssetImportParameters requested are different than current active one (requested -> active):
  custom:video-decoder-ogg-theora: a1e56fd34408186e4bbccfd4996cb3dc -> 
  custom:container-muxer-webm: aa71ff27fc2769a1b78a27578f13a17b -> 
  custom:container-demuxer-webm: 4f35f7cbe854078d1ac9338744f61a02 -> 
  custom:video-encoder-webm-vp8: eb34c28f22e8b96e1ab97ce403110664 -> 
  custom:audio-encoder-webm-vorbis: bf7c407c2cedff20999df2af8eb42d56 -> 
  custom:framework-win-MediaFoundation: 216162199b28c13a410421893ffa2e32 -> 
  custom:container-demuxer-ogg: 62fdf1f143b41e24485cea50d1cbac27 -> 
  custom:video-decoder-webm-vp8: 9c59270c3fd7afecdb556c50c9e8de78 -> 
  custom:audio-decoder-ogg-vorbis: bf7c407c2cedff20999df2af8eb42d56 -> 
========================================================================
Received Prepare
Registering precompiled user dll's ...
Registered in 0.135884 seconds.
Begin MonoManager ReloadAssembly
Symbol file LoadedFromMemory doesn't match image D:\UnityProjects\WebProject\Library\PackageCache\com.unity.visualscripting@1.8.0\Editor\VisualScripting.Core\Dependencies\YamlDotNet\Unity.VisualScripting.YamlDotNet.dll
Symbol file LoadedFromMemory doesn't match image D:\UnityProjects\WebProject\Library\PackageCache\com.unity.visualscripting@1.8.0\Editor\VisualScripting.Core\Dependencies\DotNetZip\Unity.VisualScripting.IonicZip.dll
Could not load signature of ProtoBuf.Grpc.Configuration.ServerExceptionsInterceptorBase:UnaryServerHandler due to: Could not resolve type with token 01000028 from typeref (expected class 'System.Threading.Tasks.Task`1' in assembly 'System.Runtime, Version=6.0.0.0, Culture=neutral, PublicKeyToken=b03f5f7f11d50a3a') assembly:System.Runtime, Version=6.0.0.0, Culture=neutral, PublicKeyToken=b03f5f7f11d50a3a type:System.Threading.Tasks.Task`1 member:(null)
Unable to load attribute info on field .<>f__AnonymousType0`2::<method>i__Field. Are you missing a reference?
Could not resolve field token 0x04000168, due to: Could not set up parent class, due to: Could not resolve type with token 01000028 from typeref (expected class 'System.IO.Stream' in assembly 'System.Runtime, Version=6.0.0.0, Culture=neutral, PublicKeyToken=b03f5f7f11d50a3a') assembly:System.Runtime, Version=6.0.0.0, Culture=neutral, PublicKeyToken=b03f5f7f11d50a3a type:System.IO.Stream member:(null) assembly:D:\UnityProjects\WebProject\Assets\Config\protogen\protobuf-net.Core.dll type:TypeModel member:(null) assembly:D:\UnityProjects\WebProject\Assets\Config\protogen\protobuf-net.Reflection.dll type:CustomProtogenSerializer member:(null)
Unloading broken assembly Assets/Config/protogen/protogen.dll, this assembly can cause crashes in the runtime
Unloading broken assembly Assets/Config/protogen/protobuf-net.Grpc.dll, this assembly can cause crashes in the runtime
Unloading broken assembly Assets/Config/protogen/protobuf-net.Grpc.Reflection.dll, this assembly can cause crashes in the runtime
Unloading broken assembly Assets/Config/protogen/Grpc.Net.Common.dll, this assembly can cause crashes in the runtime
Unloading broken assembly Assets/Config/protogen/protobuf-net.dll, this assembly can cause crashes in the runtime
Unloading broken assembly Assets/Config/protogen/Grpc.Net.Client.dll, this assembly can cause crashes in the runtime
Unloading broken assembly Assets/Config/protogen/protobuf-net.Core.dll, this assembly can cause crashes in the runtime
Native extension for WindowsStandalone target not found
Refreshing native plugins compatible for Editor in 0.80 ms, found 3 plugins.
Preloading 0 native plugins for Editor in 0.00 ms.
[ScriptCompilation] NOT recompiling all scripts because this is an import worker process. Reason to compile was: Define symbols changed
Mono: successfully reloaded assembly
- Completed reload, in  2.756 seconds
Domain Reload Profiling:
	ReloadAssembly (2757ms)
		BeginReloadAssembly (402ms)
			ExecutionOrderSort (0ms)
			DisableScriptedObjects (10ms)
			BackupInstance (0ms)
			ReleaseScriptingObjects (0ms)
			CreateAndSetChildDomain (54ms)
		EndReloadAssembly (2005ms)
			LoadAssemblies (353ms)
			RebuildTransferFunctionScriptingTraits (0ms)
			SetupTypeCache (507ms)
			ReleaseScriptCaches (1ms)
			RebuildScriptCaches (72ms)
			SetupLoadedEditorAssemblies (1006ms)
				LogAssemblyErrors (0ms)
				InitializePlatformSupportModulesInManaged (18ms)
				SetLoadedEditorAssemblies (1ms)
				RefreshPlugins (1ms)
				BeforeProcessingInitializeOnLoad (206ms)
				ProcessInitializeOnLoadAttributes (646ms)
				ProcessInitializeOnLoadMethodAttributes (47ms)
				AfterProcessingInitializeOnLoad (86ms)
				EditorAssembliesLoaded (0ms)
			ExecutionOrderSort2 (0ms)
			AwakeInstancesAfterBackupRestoration (15ms)
Platform modules already initialized, skipping
Refreshing native plugins compatible for Editor in 9.90 ms, found 3 plugins.
Preloading 0 native plugins for Editor in 0.00 ms.
Unloading 3412 Unused Serialized files (Serialized files now loaded: 0)
Unloading 34 unused Assets / (24.7 KB). Loaded Objects now: 3878.
Memory consumption went from 119.8 MB to 119.8 MB.
Total: 4.351300 ms (FindLiveObjects: 0.321700 ms CreateObjectMapping: 0.214900 ms MarkObjects: 3.780900 ms  DeleteObjects: 0.032500 ms)

AssetImportParameters requested are different than current active one (requested -> active):
  custom:video-decoder-ogg-theora: a1e56fd34408186e4bbccfd4996cb3dc -> 
  custom:container-muxer-webm: aa71ff27fc2769a1b78a27578f13a17b -> 
  custom:container-demuxer-webm: 4f35f7cbe854078d1ac9338744f61a02 -> 
  custom:video-encoder-webm-vp8: eb34c28f22e8b96e1ab97ce403110664 -> 
  custom:audio-encoder-webm-vorbis: bf7c407c2cedff20999df2af8eb42d56 -> 
  custom:framework-win-MediaFoundation: 216162199b28c13a410421893ffa2e32 -> 
  custom:container-demuxer-ogg: 62fdf1f143b41e24485cea50d1cbac27 -> 
  custom:video-decoder-webm-vp8: 9c59270c3fd7afecdb556c50c9e8de78 -> 
  custom:audio-decoder-ogg-vorbis: bf7c407c2cedff20999df2af8eb42d56 -> 
========================================================================
Received Prepare
Registering precompiled user dll's ...
Registered in 0.129181 seconds.
Begin MonoManager ReloadAssembly
Symbol file LoadedFromMemory doesn't match image D:\UnityProjects\WebProject\Library\PackageCache\com.unity.visualscripting@1.8.0\Editor\VisualScripting.Core\Dependencies\YamlDotNet\Unity.VisualScripting.YamlDotNet.dll
Symbol file LoadedFromMemory doesn't match image D:\UnityProjects\WebProject\Library\PackageCache\com.unity.visualscripting@1.8.0\Editor\VisualScripting.Core\Dependencies\DotNetZip\Unity.VisualScripting.IonicZip.dll
Could not load signature of ProtoBuf.Grpc.Configuration.ServerExceptionsInterceptorBase:UnaryServerHandler due to: Could not resolve type with token 01000028 from typeref (expected class 'System.Threading.Tasks.Task`1' in assembly 'System.Runtime, Version=6.0.0.0, Culture=neutral, PublicKeyToken=b03f5f7f11d50a3a') assembly:System.Runtime, Version=6.0.0.0, Culture=neutral, PublicKeyToken=b03f5f7f11d50a3a type:System.Threading.Tasks.Task`1 member:(null)
Unable to load attribute info on field .<>f__AnonymousType0`2::<method>i__Field. Are you missing a reference?
Could not resolve field token 0x04000168, due to: Could not set up parent class, due to: Could not resolve type with token 01000028 from typeref (expected class 'System.IO.Stream' in assembly 'System.Runtime, Version=6.0.0.0, Culture=neutral, PublicKeyToken=b03f5f7f11d50a3a') assembly:System.Runtime, Version=6.0.0.0, Culture=neutral, PublicKeyToken=b03f5f7f11d50a3a type:System.IO.Stream member:(null) assembly:D:\UnityProjects\WebProject\Assets\Config\protogen\protobuf-net.Core.dll type:TypeModel member:(null) assembly:D:\UnityProjects\WebProject\Assets\Config\protogen\protobuf-net.Reflection.dll type:CustomProtogenSerializer member:(null)
Unloading broken assembly Assets/Config/protogen/protogen.dll, this assembly can cause crashes in the runtime
Unloading broken assembly Assets/Config/protogen/protobuf-net.Grpc.dll, this assembly can cause crashes in the runtime
Unloading broken assembly Assets/Config/protogen/protobuf-net.Grpc.Reflection.dll, this assembly can cause crashes in the runtime
Unloading broken assembly Assets/Config/protogen/Grpc.Net.Common.dll, this assembly can cause crashes in the runtime
Unloading broken assembly Assets/Config/protogen/protobuf-net.dll, this assembly can cause crashes in the runtime
Unloading broken assembly Assets/Config/protogen/Grpc.Net.Client.dll, this assembly can cause crashes in the runtime
Unloading broken assembly Assets/Config/protogen/protobuf-net.Core.dll, this assembly can cause crashes in the runtime
Native extension for WindowsStandalone target not found
Refreshing native plugins compatible for Editor in 0.84 ms, found 3 plugins.
Preloading 0 native plugins for Editor in 0.00 ms.
[ScriptCompilation] NOT recompiling all scripts because this is an import worker process. Reason to compile was: Define symbols changed
Mono: successfully reloaded assembly
- Completed reload, in  3.920 seconds
Domain Reload Profiling:
	ReloadAssembly (3922ms)
		BeginReloadAssembly (860ms)
			ExecutionOrderSort (0ms)
			DisableScriptedObjects (11ms)
			BackupInstance (0ms)
			ReleaseScriptingObjects (0ms)
			CreateAndSetChildDomain (282ms)
		EndReloadAssembly (2651ms)
			LoadAssemblies (518ms)
			RebuildTransferFunctionScriptingTraits (0ms)
			SetupTypeCache (683ms)
			ReleaseScriptCaches (2ms)
			RebuildScriptCaches (86ms)
			SetupLoadedEditorAssemblies (1334ms)
				LogAssemblyErrors (0ms)
				InitializePlatformSupportModulesInManaged (21ms)
				SetLoadedEditorAssemblies (1ms)
				RefreshPlugins (1ms)
				BeforeProcessingInitializeOnLoad (280ms)
				ProcessInitializeOnLoadAttributes (885ms)
				ProcessInitializeOnLoadMethodAttributes (57ms)
				AfterProcessingInitializeOnLoad (89ms)
				EditorAssembliesLoaded (0ms)
			ExecutionOrderSort2 (0ms)
			AwakeInstancesAfterBackupRestoration (20ms)
Platform modules already initialized, skipping
Refreshing native plugins compatible for Editor in 10.36 ms, found 3 plugins.
Preloading 0 native plugins for Editor in 0.00 ms.
Unloading 3412 Unused Serialized files (Serialized files now loaded: 0)
Unloading 34 unused Assets / (24.7 KB). Loaded Objects now: 3881.
Memory consumption went from 119.9 MB to 119.8 MB.
Total: 4.446500 ms (FindLiveObjects: 0.328800 ms CreateObjectMapping: 0.215300 ms MarkObjects: 3.866900 ms  DeleteObjects: 0.034000 ms)

AssetImportParameters requested are different than current active one (requested -> active):
  custom:video-decoder-ogg-theora: a1e56fd34408186e4bbccfd4996cb3dc -> 
  custom:container-muxer-webm: aa71ff27fc2769a1b78a27578f13a17b -> 
  custom:container-demuxer-webm: 4f35f7cbe854078d1ac9338744f61a02 -> 
  custom:video-encoder-webm-vp8: eb34c28f22e8b96e1ab97ce403110664 -> 
  custom:audio-encoder-webm-vorbis: bf7c407c2cedff20999df2af8eb42d56 -> 
  custom:framework-win-MediaFoundation: 216162199b28c13a410421893ffa2e32 -> 
  custom:container-demuxer-ogg: 62fdf1f143b41e24485cea50d1cbac27 -> 
  custom:video-decoder-webm-vp8: 9c59270c3fd7afecdb556c50c9e8de78 -> 
  custom:audio-decoder-ogg-vorbis: bf7c407c2cedff20999df2af8eb42d56 -> 
========================================================================
Received Prepare
Recursive Serialization is not supported. You can't dereference a PPtr while loading. (Constructors of C# classes may not load objects either. See stacktrace.)
The resource Cubemaps/CubeBlur.shader could not be loaded from the resource file!
Recursive Serialization is not supported. You can't dereference a PPtr while loading. (Constructors of C# classes may not load objects either. See stacktrace.)
The resource Cubemaps/CubeCopy.shader could not be loaded from the resource file!
Recursive Serialization is not supported. You can't dereference a PPtr while loading. (Constructors of C# classes may not load objects either. See stacktrace.)
The resource Cubemaps/CubeBlend.shader could not be loaded from the resource file!
Recursive Serialization is not supported. You can't dereference a PPtr while loading. (Constructors of C# classes may not load objects either. See stacktrace.)
The resource UI/UI-Default.shader could not be loaded from the resource file!
Recursive Serialization is not supported. You can't dereference a PPtr while loading. (Constructors of C# classes may not load objects either. See stacktrace.)
The resource UI/UI-DefaultETC1.shader could not be loaded from the resource file!
Refreshing native plugins compatible for Editor in 53.77 ms, found 4 plugins.
Preloading 0 native plugins for Editor in 0.00 ms.
Unloading 170 Unused Serialized files (Serialized files now loaded: 0)
Unloading 43 unused Assets / (23.0 KB). Loaded Objects now: 4008.
Memory consumption went from 55.8 MB to 55.8 MB.
Total: 7.131400 ms (FindLiveObjects: 0.460400 ms CreateObjectMapping: 0.392200 ms MarkObjects: 6.226400 ms  DeleteObjects: 0.050900 ms)

AssetImportParameters requested are different than current active one (requested -> active):
  custom:video-decoder-ogg-theora: a1e56fd34408186e4bbccfd4996cb3dc -> 
  custom:container-muxer-webm: aa71ff27fc2769a1b78a27578f13a17b -> 
  custom:container-demuxer-webm: 4f35f7cbe854078d1ac9338744f61a02 -> 
  custom:video-encoder-webm-vp8: eb34c28f22e8b96e1ab97ce403110664 -> 
  custom:audio-encoder-webm-vorbis: bf7c407c2cedff20999df2af8eb42d56 -> 
  custom:framework-win-MediaFoundation: 216162199b28c13a410421893ffa2e32 -> 
  custom:container-demuxer-ogg: 62fdf1f143b41e24485cea50d1cbac27 -> 
  custom:video-decoder-webm-vp8: 9c59270c3fd7afecdb556c50c9e8de78 -> 
  custom:audio-decoder-ogg-vorbis: bf7c407c2cedff20999df2af8eb42d56 -> 
========================================================================
Received Prepare
Recursive Serialization is not supported. You can't dereference a PPtr while loading. (Constructors of C# classes may not load objects either. See stacktrace.)
The resource Cubemaps/CubeBlur.shader could not be loaded from the resource file!
Recursive Serialization is not supported. You can't dereference a PPtr while loading. (Constructors of C# classes may not load objects either. See stacktrace.)
The resource Cubemaps/CubeCopy.shader could not be loaded from the resource file!
Recursive Serialization is not supported. You can't dereference a PPtr while loading. (Constructors of C# classes may not load objects either. See stacktrace.)
The resource Cubemaps/CubeBlend.shader could not be loaded from the resource file!
Recursive Serialization is not supported. You can't dereference a PPtr while loading. (Constructors of C# classes may not load objects either. See stacktrace.)
The resource UI/UI-Default.shader could not be loaded from the resource file!
Recursive Serialization is not supported. You can't dereference a PPtr while loading. (Constructors of C# classes may not load objects either. See stacktrace.)
The resource UI/UI-DefaultETC1.shader could not be loaded from the resource file!
Refreshing native plugins compatible for Editor in 52.51 ms, found 4 plugins.
Preloading 0 native plugins for Editor in 0.00 ms.
Unloading 43 Unused Serialized files (Serialized files now loaded: 0)
Unloading 43 unused Assets / (22.9 KB). Loaded Objects now: 4008.
Memory consumption went from 53.0 MB to 53.0 MB.
Total: 7.859800 ms (FindLiveObjects: 0.327600 ms CreateObjectMapping: 0.234000 ms MarkObjects: 7.244800 ms  DeleteObjects: 0.052000 ms)

AssetImportParameters requested are different than current active one (requested -> active):
  custom:video-decoder-ogg-theora: a1e56fd34408186e4bbccfd4996cb3dc -> 
  custom:container-muxer-webm: aa71ff27fc2769a1b78a27578f13a17b -> 
  custom:container-demuxer-webm: 4f35f7cbe854078d1ac9338744f61a02 -> 
  custom:video-encoder-webm-vp8: eb34c28f22e8b96e1ab97ce403110664 -> 
  custom:audio-encoder-webm-vorbis: bf7c407c2cedff20999df2af8eb42d56 -> 
  custom:framework-win-MediaFoundation: 216162199b28c13a410421893ffa2e32 -> 
  custom:container-demuxer-ogg: 62fdf1f143b41e24485cea50d1cbac27 -> 
  custom:video-decoder-webm-vp8: 9c59270c3fd7afecdb556c50c9e8de78 -> 
  custom:audio-decoder-ogg-vorbis: bf7c407c2cedff20999df2af8eb42d56 -> 
========================================================================
Received Prepare
Recursive Serialization is not supported. You can't dereference a PPtr while loading. (Constructors of C# classes may not load objects either. See stacktrace.)
The resource Cubemaps/CubeBlur.shader could not be loaded from the resource file!
Recursive Serialization is not supported. You can't dereference a PPtr while loading. (Constructors of C# classes may not load objects either. See stacktrace.)
The resource Cubemaps/CubeCopy.shader could not be loaded from the resource file!
Recursive Serialization is not supported. You can't dereference a PPtr while loading. (Constructors of C# classes may not load objects either. See stacktrace.)
The resource Cubemaps/CubeBlend.shader could not be loaded from the resource file!
Recursive Serialization is not supported. You can't dereference a PPtr while loading. (Constructors of C# classes may not load objects either. See stacktrace.)
The resource UI/UI-Default.shader could not be loaded from the resource file!
Recursive Serialization is not supported. You can't dereference a PPtr while loading. (Constructors of C# classes may not load objects either. See stacktrace.)
The resource UI/UI-DefaultETC1.shader could not be loaded from the resource file!
Registering precompiled user dll's ...
Registered in 0.151580 seconds.
Begin MonoManager ReloadAssembly
Symbol file LoadedFromMemory doesn't match image D:\UnityProjects\WebProject\Library\PackageCache\com.unity.visualscripting@1.8.0\Editor\VisualScripting.Core\Dependencies\YamlDotNet\Unity.VisualScripting.YamlDotNet.dll
Symbol file LoadedFromMemory doesn't match image D:\UnityProjects\WebProject\Library\PackageCache\com.unity.visualscripting@1.8.0\Editor\VisualScripting.Core\Dependencies\DotNetZip\Unity.VisualScripting.IonicZip.dll
Could not load signature of ProtoBuf.Grpc.Configuration.ServerExceptionsInterceptorBase:UnaryServerHandler due to: Could not resolve type with token 01000028 from typeref (expected class 'System.Threading.Tasks.Task`1' in assembly 'System.Runtime, Version=6.0.0.0, Culture=neutral, PublicKeyToken=b03f5f7f11d50a3a') assembly:System.Runtime, Version=6.0.0.0, Culture=neutral, PublicKeyToken=b03f5f7f11d50a3a type:System.Threading.Tasks.Task`1 member:(null)
Unable to load attribute info on field .<>f__AnonymousType0`2::<method>i__Field. Are you missing a reference?
Could not resolve field token 0x04000168, due to: Could not set up parent class, due to: Could not resolve type with token 01000028 from typeref (expected class 'System.IO.Stream' in assembly 'System.Runtime, Version=6.0.0.0, Culture=neutral, PublicKeyToken=b03f5f7f11d50a3a') assembly:System.Runtime, Version=6.0.0.0, Culture=neutral, PublicKeyToken=b03f5f7f11d50a3a type:System.IO.Stream member:(null) assembly:D:\UnityProjects\WebProject\Assets\Config\protogen\protobuf-net.Core.dll type:TypeModel member:(null) assembly:D:\UnityProjects\WebProject\Assets\Config\protogen\protobuf-net.Reflection.dll type:CustomProtogenSerializer member:(null)
Unloading broken assembly Assets/Config/protogen/protogen.dll, this assembly can cause crashes in the runtime
Unloading broken assembly Assets/Config/protogen/protobuf-net.Grpc.dll, this assembly can cause crashes in the runtime
Unloading broken assembly Assets/Config/protogen/protobuf-net.Grpc.Reflection.dll, this assembly can cause crashes in the runtime
Unloading broken assembly Assets/Config/protogen/Grpc.Net.Common.dll, this assembly can cause crashes in the runtime
Unloading broken assembly Assets/Config/protogen/protobuf-net.dll, this assembly can cause crashes in the runtime
Unloading broken assembly Assets/Config/protogen/Grpc.Net.Client.dll, this assembly can cause crashes in the runtime
Unloading broken assembly Assets/Config/protogen/protobuf-net.Core.dll, this assembly can cause crashes in the runtime
Native extension for WindowsStandalone target not found
Refreshing native plugins compatible for Editor in 0.96 ms, found 4 plugins.
Preloading 0 native plugins for Editor in 0.00 ms.
[ScriptCompilation] NOT recompiling all scripts because this is an import worker process. Reason to compile was: Define symbols changed
Mono: successfully reloaded assembly
- Completed reload, in  2.812 seconds
Domain Reload Profiling:
	ReloadAssembly (2814ms)
		BeginReloadAssembly (419ms)
			ExecutionOrderSort (0ms)
			DisableScriptedObjects (11ms)
			BackupInstance (0ms)
			ReleaseScriptingObjects (0ms)
			CreateAndSetChildDomain (58ms)
		EndReloadAssembly (2083ms)
			LoadAssemblies (368ms)
			RebuildTransferFunctionScriptingTraits (0ms)
			SetupTypeCache (514ms)
			ReleaseScriptCaches (2ms)
			RebuildScriptCaches (59ms)
			SetupLoadedEditorAssemblies (1061ms)
				LogAssemblyErrors (0ms)
				InitializePlatformSupportModulesInManaged (16ms)
				SetLoadedEditorAssemblies (1ms)
				RefreshPlugins (1ms)
				BeforeProcessingInitializeOnLoad (211ms)
				ProcessInitializeOnLoadAttributes (702ms)
				ProcessInitializeOnLoadMethodAttributes (50ms)
				AfterProcessingInitializeOnLoad (81ms)
				EditorAssembliesLoaded (0ms)
			ExecutionOrderSort2 (0ms)
			AwakeInstancesAfterBackupRestoration (15ms)
Platform modules already initialized, skipping
Refreshing native plugins compatible for Editor in 19.03 ms, found 4 plugins.
Preloading 0 native plugins for Editor in 0.00 ms.
Unloading 3548 Unused Serialized files (Serialized files now loaded: 0)
Unloading 43 unused Assets / (25.7 KB). Loaded Objects now: 4011.
Memory consumption went from 124.1 MB to 124.0 MB.
Total: 4.649200 ms (FindLiveObjects: 0.324100 ms CreateObjectMapping: 0.224500 ms MarkObjects: 4.054400 ms  DeleteObjects: 0.044600 ms)

AssetImportParameters requested are different than current active one (requested -> active):
  custom:video-decoder-ogg-theora: a1e56fd34408186e4bbccfd4996cb3dc -> 
  custom:container-muxer-webm: aa71ff27fc2769a1b78a27578f13a17b -> 
  custom:container-demuxer-webm: 4f35f7cbe854078d1ac9338744f61a02 -> 
  custom:video-encoder-webm-vp8: eb34c28f22e8b96e1ab97ce403110664 -> 
  custom:audio-encoder-webm-vorbis: bf7c407c2cedff20999df2af8eb42d56 -> 
  custom:framework-win-MediaFoundation: 216162199b28c13a410421893ffa2e32 -> 
  custom:container-demuxer-ogg: 62fdf1f143b41e24485cea50d1cbac27 -> 
  custom:video-decoder-webm-vp8: 9c59270c3fd7afecdb556c50c9e8de78 -> 
  custom:audio-decoder-ogg-vorbis: bf7c407c2cedff20999df2af8eb42d56 -> 
========================================================================
Received Prepare
Recursive Serialization is not supported. You can't dereference a PPtr while loading. (Constructors of C# classes may not load objects either. See stacktrace.)
The resource Cubemaps/CubeBlur.shader could not be loaded from the resource file!
Recursive Serialization is not supported. You can't dereference a PPtr while loading. (Constructors of C# classes may not load objects either. See stacktrace.)
The resource Cubemaps/CubeCopy.shader could not be loaded from the resource file!
Recursive Serialization is not supported. You can't dereference a PPtr while loading. (Constructors of C# classes may not load objects either. See stacktrace.)
The resource Cubemaps/CubeBlend.shader could not be loaded from the resource file!
Recursive Serialization is not supported. You can't dereference a PPtr while loading. (Constructors of C# classes may not load objects either. See stacktrace.)
The resource UI/UI-Default.shader could not be loaded from the resource file!
Recursive Serialization is not supported. You can't dereference a PPtr while loading. (Constructors of C# classes may not load objects either. See stacktrace.)
The resource UI/UI-DefaultETC1.shader could not be loaded from the resource file!
Registering precompiled user dll's ...
Registered in 0.144520 seconds.
Begin MonoManager ReloadAssembly
Symbol file LoadedFromMemory doesn't match image D:\UnityProjects\WebProject\Library\PackageCache\com.unity.visualscripting@1.8.0\Editor\VisualScripting.Core\Dependencies\YamlDotNet\Unity.VisualScripting.YamlDotNet.dll
Symbol file LoadedFromMemory doesn't match image D:\UnityProjects\WebProject\Library\PackageCache\com.unity.visualscripting@1.8.0\Editor\VisualScripting.Core\Dependencies\DotNetZip\Unity.VisualScripting.IonicZip.dll
Could not load signature of ProtoBuf.Grpc.Configuration.ServerExceptionsInterceptorBase:UnaryServerHandler due to: Could not resolve type with token 01000028 from typeref (expected class 'System.Threading.Tasks.Task`1' in assembly 'System.Runtime, Version=6.0.0.0, Culture=neutral, PublicKeyToken=b03f5f7f11d50a3a') assembly:System.Runtime, Version=6.0.0.0, Culture=neutral, PublicKeyToken=b03f5f7f11d50a3a type:System.Threading.Tasks.Task`1 member:(null)
Unable to load attribute info on field .<>f__AnonymousType0`2::<method>i__Field. Are you missing a reference?
Could not resolve field token 0x04000168, due to: Could not set up parent class, due to: Could not resolve type with token 01000028 from typeref (expected class 'System.IO.Stream' in assembly 'System.Runtime, Version=6.0.0.0, Culture=neutral, PublicKeyToken=b03f5f7f11d50a3a') assembly:System.Runtime, Version=6.0.0.0, Culture=neutral, PublicKeyToken=b03f5f7f11d50a3a type:System.IO.Stream member:(null) assembly:D:\UnityProjects\WebProject\Assets\Config\protogen\protobuf-net.Core.dll type:TypeModel member:(null) assembly:D:\UnityProjects\WebProject\Assets\Config\protogen\protobuf-net.Reflection.dll type:CustomProtogenSerializer member:(null)
Unloading broken assembly Assets/Config/protogen/protogen.dll, this assembly can cause crashes in the runtime
Unloading broken assembly Assets/Config/protogen/protobuf-net.Grpc.dll, this assembly can cause crashes in the runtime
Unloading broken assembly Assets/Config/protogen/protobuf-net.Grpc.Reflection.dll, this assembly can cause crashes in the runtime
Unloading broken assembly Assets/Config/protogen/Grpc.Net.Common.dll, this assembly can cause crashes in the runtime
Unloading broken assembly Assets/Config/protogen/protobuf-net.dll, this assembly can cause crashes in the runtime
Unloading broken assembly Assets/Config/protogen/Grpc.Net.Client.dll, this assembly can cause crashes in the runtime
Unloading broken assembly Assets/Config/protogen/protobuf-net.Core.dll, this assembly can cause crashes in the runtime
Native extension for WindowsStandalone target not found
Refreshing native plugins compatible for Editor in 0.97 ms, found 4 plugins.
Preloading 0 native plugins for Editor in 0.00 ms.
Cancelling DisplayDialog:   
This should not be called in batch mode.
UnityEngine.StackTraceUtility:ExtractStackTrace ()
UnityEditor.EditorUtility:DisplayDialog (string,string,string,string)
ToLuaMenu:.cctor () (at Assets/ToLua/Editor/ToLuaMenu.cs:113)
System.Runtime.CompilerServices.RuntimeHelpers:RunClassConstructor (System.RuntimeTypeHandle)
UnityEditor.EditorAssemblies:ProcessInitializeOnLoadAttributes (System.Type[])

[Assets/ToLua/Editor/ToLuaMenu.cs line 113]

[ScriptCompilation] NOT recompiling all scripts because this is an import worker process. Reason to compile was: Define symbols changed
Mono: successfully reloaded assembly
- Completed reload, in  3.251 seconds
Domain Reload Profiling:
	ReloadAssembly (3253ms)
		BeginReloadAssembly (631ms)
			ExecutionOrderSort (0ms)
			DisableScriptedObjects (26ms)
			BackupInstance (0ms)
			ReleaseScriptingObjects (0ms)
			CreateAndSetChildDomain (165ms)
		EndReloadAssembly (2276ms)
			LoadAssemblies (411ms)
			RebuildTransferFunctionScriptingTraits (0ms)
			SetupTypeCache (656ms)
			ReleaseScriptCaches (2ms)
			RebuildScriptCaches (73ms)
			SetupLoadedEditorAssemblies (1079ms)
				LogAssemblyErrors (1ms)
				InitializePlatformSupportModulesInManaged (20ms)
				SetLoadedEditorAssemblies (1ms)
				RefreshPlugins (1ms)
				BeforeProcessingInitializeOnLoad (205ms)
				ProcessInitializeOnLoadAttributes (705ms)
				ProcessInitializeOnLoadMethodAttributes (65ms)
				AfterProcessingInitializeOnLoad (81ms)
				EditorAssembliesLoaded (0ms)
			ExecutionOrderSort2 (0ms)
			AwakeInstancesAfterBackupRestoration (20ms)
Platform modules already initialized, skipping
Refreshing native plugins compatible for Editor in 16.17 ms, found 4 plugins.
Preloading 0 native plugins for Editor in 0.00 ms.
Unloading 3548 Unused Serialized files (Serialized files now loaded: 0)
Unloading 43 unused Assets / (25.7 KB). Loaded Objects now: 4014.
Memory consumption went from 124.1 MB to 124.1 MB.
Total: 5.287900 ms (FindLiveObjects: 0.327000 ms CreateObjectMapping: 0.225500 ms MarkObjects: 4.660400 ms  DeleteObjects: 0.073200 ms)

AssetImportParameters requested are different than current active one (requested -> active):
  custom:video-decoder-ogg-theora: a1e56fd34408186e4bbccfd4996cb3dc -> 
  custom:container-muxer-webm: aa71ff27fc2769a1b78a27578f13a17b -> 
  custom:container-demuxer-webm: 4f35f7cbe854078d1ac9338744f61a02 -> 
  custom:video-encoder-webm-vp8: eb34c28f22e8b96e1ab97ce403110664 -> 
  custom:audio-encoder-webm-vorbis: bf7c407c2cedff20999df2af8eb42d56 -> 
  custom:framework-win-MediaFoundation: 216162199b28c13a410421893ffa2e32 -> 
  custom:container-demuxer-ogg: 62fdf1f143b41e24485cea50d1cbac27 -> 
  custom:video-decoder-webm-vp8: 9c59270c3fd7afecdb556c50c9e8de78 -> 
  custom:audio-decoder-ogg-vorbis: bf7c407c2cedff20999df2af8eb42d56 -> 
